folioreader/build/outputs/logs/manifest-merger-debug-report.txt
-- Merging decision tree log ---
manifest
ADDED from FolioReader-Android-master\folioreader\AndroidManifest.xml:2:1-9:12
INJECTED from FolioReader-Android-master\folioreader\AndroidManifest.xml:2:1-9:12
INJECTED from FolioReader-Android-master\folioreader\AndroidManifest.xml:2:1-9:12
INJECTED from FolioReader-Android-master\folioreader\AndroidManifest.xml:2:1-9:12
INJECTED from FolioReader-Android-master\folioreader\AndroidManifest.xml:2:1-9:12
INJECTED from FolioReader-Android-master\folioreader\AndroidManifest.xml:2:1-9:12
INJECTED from FolioReader-Android-master\folioreader\AndroidManifest.xml:2:1-9:12
	package
		ADDED from FolioReader-Android-master\folioreader\AndroidManifest.xml:3:5-30
		INJECTED from FolioReader-Android-master\folioreader\AndroidManifest.xml
		INJECTED from FolioReader-Android-master\folioreader\AndroidManifest.xml
	android:versionName
		INJECTED from FolioReader-Android-master\folioreader\AndroidManifest.xml
		ADDED from FolioReader-Android-master\folioreader\AndroidManifest.xml:2:1-9:12
		INJECTED from FolioReader-Android-master\folioreader\AndroidManifest.xml
	android:versionCode
		INJECTED from FolioReader-Android-master\folioreader\AndroidManifest.xml
		ADDED from FolioReader-Android-master\folioreader\AndroidManifest.xml:2:1-9:12
		INJECTED from FolioReader-Android-master\folioreader\AndroidManifest.xml
	xmlns:android
		ADDED from FolioReader-Android-master\folioreader\AndroidManifest.xml:2:11-69
application
ADDED from FolioReader-Android-master\folioreader\AndroidManifest.xml:5:5-7:19
activity#com.folioreader.ui.folio.activity.ContentHighlightActivity
ADDED from FolioReader-Android-master\folioreader\AndroidManifest.xml:6:9-80
	android:name
		ADDED from FolioReader-Android-master\folioreader\AndroidManifest.xml:6:19-77
uses-sdk
INJECTED from FolioReader-Android-master\folioreader\AndroidManifest.xml reason: use-sdk injection requested
INJECTED from FolioReader-Android-master\folioreader\AndroidManifest.xml
INJECTED from FolioReader-Android-master\folioreader\AndroidManifest.xml
INJECTED from FolioReader-Android-master\folioreader\AndroidManifest.xml
INJECTED from FolioReader-Android-master\folioreader\AndroidManifest.xml
	android:targetSdkVersion
		INJECTED from FolioReader-Android-master\folioreader\AndroidManifest.xml
		ADDED from FolioReader-Android-master\folioreader\AndroidManifest.xml
		INJECTED from FolioReader-Android-master\folioreader\AndroidManifest.xml
	android:minSdkVersion
		INJECTED from FolioReader-Android-master\folioreader\AndroidManifest.xml
		ADDED from FolioReader-Android-master\folioreader\AndroidManifest.xml
		INJECTED from FolioReader-Android-master\folioreader\AndroidManifest.xml